mode: atomic
wayfinder/internal/ingest/fanout_publisher.go:21.94,23.2 1 4
wayfinder/internal/ingest/fanout_publisher.go:26.76,27.52 1 4
wayfinder/internal/ingest/fanout_publisher.go:27.52,29.3 1 1
wayfinder/internal/ingest/fanout_publisher.go:31.2,46.16 3 3
wayfinder/internal/ingest/fanout_publisher.go:46.16,48.3 1 1
wayfinder/internal/ingest/fanout_publisher.go:50.2,50.26 1 2
wayfinder/internal/ingest/fanout_publisher.go:50.26,52.3 1 1
wayfinder/internal/ingest/fanout_publisher.go:54.2,54.12 1 2
wayfinder/internal/ingest/local_publisher.go:16.55,18.2 1 1
wayfinder/internal/ingest/local_publisher.go:21.74,23.2 1 1
wayfinder/internal/ingest/location.go:16.93,17.20 1 6
wayfinder/internal/ingest/location.go:17.20,19.3 1 1
wayfinder/internal/ingest/location.go:21.2,21.27 1 5
wayfinder/internal/ingest/location.go:21.27,23.3 1 2
wayfinder/internal/ingest/location.go:25.2,25.31 1 3
wayfinder/internal/ingest/location.go:25.31,27.3 1 2
wayfinder/internal/ingest/location.go:29.2,34.8 1 1
wayfinder/internal/ingest/multi_store.go:14.73,16.2 1 2
wayfinder/internal/ingest/multi_store.go:19.78,21.33 2 2
wayfinder/internal/ingest/multi_store.go:21.33,22.48 1 4
wayfinder/internal/ingest/multi_store.go:22.48,24.4 1 2
wayfinder/internal/ingest/multi_store.go:26.2,26.29 1 2
wayfinder/internal/ingest/redis_store.go:33.124,34.18 1 3
wayfinder/internal/ingest/redis_store.go:34.18,36.3 1 1
wayfinder/internal/ingest/redis_store.go:37.2,43.3 1 3
wayfinder/internal/ingest/redis_store.go:47.78,48.34 1 4
wayfinder/internal/ingest/redis_store.go:48.34,50.3 1 1
wayfinder/internal/ingest/redis_store.go:52.2,62.15 5 3
wayfinder/internal/ingest/redis_store.go:62.15,64.3 1 2
wayfinder/internal/ingest/redis_store.go:66.2,75.18 2 3
wayfinder/internal/ingest/redis_store.go:75.18,78.3 2 2
wayfinder/internal/ingest/redis_store.go:79.2,82.12 3 3
wayfinder/internal/ingest/service.go:16.67,18.2 1 2
wayfinder/internal/ingest/service.go:21.73,23.2 1 2
